<?xml version="1.0" encoding="UTF-8"?>
<!-- Generated by org.testng.reporters.JUnitReportReporter -->
<testsuite hostname="DESKTOP-L12O5CF" failures="0" tests="1" name="XCarTest.howitWorks" time="10.618" errors="0" timestamp="2023-08-27T18:50:14 CEST" skipped="0">
  <testcase classname="XCarTest.howitWorks" name="howitworks" time="10.618"/>
</testsuite> <!-- XCarTest.howitWorks -->
