<?xml version="1.0" encoding="UTF-8"?>
<!-- Generated by org.testng.reporters.JUnitReportReporter -->
<testsuite hostname="DESKTOP-L12O5CF" failures="0" tests="1" name="XCarTest.configurationSettingsMenu" time="14.950" errors="0" timestamp="2023-08-22T19:13:33 CEST" skipped="0">
  <testcase classname="XCarTest.configurationSettingsMenu" name="configurationMenu" time="14.950"/>
</testsuite> <!-- XCarTest.configurationSettingsMenu -->
