<?xml version="1.0" encoding="UTF-8"?>
<!-- Generated by org.testng.reporters.JUnitReportReporter -->
<testsuite hostname="DESKTOP-L12O5CF" failures="0" tests="1" name="XCarTest.receivedNotificationsGoChat" time="18.007" errors="0" timestamp="2023-08-29T15:16:47 CEST" skipped="0">
  <testcase classname="XCarTest.receivedNotificationsGoChat" name="notiGoChat" time="18.007"/>
</testsuite> <!-- XCarTest.receivedNotificationsGoChat -->
