<?xml version="1.0" encoding="UTF-8"?>
<!-- Generated by org.testng.reporters.JUnitReportReporter -->
<testsuite hostname="DESKTOP-L12O5CF" failures="0" tests="1" name="XCarTest.receiveNotificatioinsRead" time="11.980" errors="0" timestamp="2023-08-29T14:31:01 CEST" skipped="0">
  <testcase classname="XCarTest.receiveNotificatioinsRead" name="notiList" time="11.980"/>
</testsuite> <!-- XCarTest.receiveNotificatioinsRead -->
