<?xml version="1.0" encoding="UTF-8"?>
<!-- Generated by org.testng.reporters.JUnitReportReporter -->
<testsuite hostname="DESKTOP-L12O5CF" failures="0" tests="1" name="XCarTest.loginAndLogOut" time="12.242" errors="0" timestamp="2023-08-22T19:08:04 CEST" skipped="0">
  <testcase classname="XCarTest.loginAndLogOut" name="logOut" time="12.242"/>
</testsuite> <!-- XCarTest.loginAndLogOut -->
