<?xml version="1.0" encoding="UTF-8"?>
<!-- Generated by org.testng.reporters.JUnitReportReporter -->
<testsuite hostname="DESKTOP-L12O5CF" failures="0" tests="1" name="XCarTest.loginMain" time="4.353" errors="0" timestamp="2024-04-16T08:52:22 CEST" skipped="0">
  <testcase classname="XCarTest.loginMain" name="loging" time="4.353"/>
</testsuite> <!-- XCarTest.loginMain -->
