<?xml version="1.0" encoding="UTF-8"?>
<!-- Generated by org.testng.reporters.JUnitReportReporter -->
<testsuite hostname="DESKTOP-L12O5CF" failures="0" tests="1" name="XCarTest.receivdeNotificationsReply" time="16.862" errors="0" timestamp="2023-08-29T14:50:01 CEST" skipped="0">
  <testcase classname="XCarTest.receivdeNotificationsReply" name="notiReply" time="16.862"/>
</testsuite> <!-- XCarTest.receivdeNotificationsReply -->
