<?xml version="1.0" encoding="UTF-8"?>
<!-- Generated by org.testng.reporters.JUnitReportReporter -->
<testsuite hostname="DESKTOP-L12O5CF" failures="0" tests="1" name="XCarTest.loginAndLogOut" time="12.671" errors="0" timestamp="2024-04-16T19:56:05 CEST" skipped="0">
  <testcase classname="XCarTest.loginAndLogOut" name="logOut" time="12.671"/>
</testsuite> <!-- XCarTest.loginAndLogOut -->
