<?xml version="1.0" encoding="UTF-8"?>
<!-- Generated by org.testng.reporters.JUnitReportReporter -->
<testsuite hostname="DESKTOP-L12O5CF" failures="0" tests="1" name="XCarTest.resetPass" time="9.431" errors="0" timestamp="2023-08-18T19:28:00 CEST" skipped="0">
  <testcase classname="XCarTest.resetPass" name="loging" time="9.431"/>
</testsuite> <!-- XCarTest.resetPass -->
