<?xml version="1.0" encoding="UTF-8"?>
<!-- Generated by org.testng.reporters.JUnitReportReporter -->
<testsuite hostname="DESKTOP-L12O5CF" failures="0" tests="1" name="XCarTest.searchPlateChat" time="14.084" errors="0" timestamp="2023-08-27T19:15:10 CEST" skipped="0">
  <testcase classname="XCarTest.searchPlateChat" name="searchPlate" time="14.084"/>
</testsuite> <!-- XCarTest.searchPlateChat -->
