<?xml version="1.0" encoding="UTF-8"?>
<!-- Generated by org.testng.reporters.JUnitReportReporter -->
<testsuite hostname="DESKTOP-L12O5CF" failures="0" tests="1" name="XCarTest.contact" time="17.260" errors="0" timestamp="2023-08-27T20:21:36 CEST" skipped="0">
  <testcase classname="XCarTest.contact" name="howitworks" time="17.260"/>
</testsuite> <!-- XCarTest.contact -->
