<?xml version="1.0" encoding="UTF-8"?>
<!-- Generated by org.testng.reporters.JUnitReportReporter -->
<testsuite hostname="DESKTOP-L12O5CF" failures="0" tests="2" name="XCarTest.loginAndLogOut" time="10.399" errors="0" timestamp="2023-08-16T12:49:19 CEST" skipped="0">
  <testcase classname="XCarTest.loginAndLogOut" name="logOut" time="7.084"/>
  <testcase classname="XCarTest.loginAndLogOut" name="loging" time="3.315"/>
</testsuite> <!-- XCarTest.loginAndLogOut -->
