<?xml version="1.0" encoding="UTF-8"?>
<!-- Generated by org.testng.reporters.JUnitReportReporter -->
<testsuite hostname="DESKTOP-L12O5CF" failures="0" tests="1" name="XCarTest.about" time="11.631" errors="0" timestamp="2023-10-15T23:27:03 CEST" skipped="0">
  <testcase classname="XCarTest.about" name="about" time="11.631"/>
</testsuite> <!-- XCarTest.about -->
