<?xml version="1.0" encoding="UTF-8"?>
<!-- Generated by org.testng.reporters.JUnitReportReporter -->
<testsuite hostname="DESKTOP-L12O5CF" failures="0" tests="1" name="XCarTest.chatSectionSearch" time="24.271" errors="0" timestamp="2023-11-02T22:44:30 CET" skipped="0">
  <testcase classname="XCarTest.chatSectionSearch" name="searchChat" time="24.271"/>
</testsuite> <!-- XCarTest.chatSectionSearch -->
