<?xml version="1.0" encoding="UTF-8"?>
<!-- Generated by org.testng.reporters.JUnitReportReporter -->
<testsuite hostname="DESKTOP-L12O5CF" failures="0" tests="1" name="XCarTest.howitWorks" time="11.925" errors="0" timestamp="2024-04-18T15:42:16 CEST" skipped="0">
  <testcase classname="XCarTest.howitWorks" name="howitworks" time="11.925"/>
</testsuite> <!-- XCarTest.howitWorks -->
