<?xml version="1.0" encoding="UTF-8"?>
<!-- Generated by org.testng.reporters.JUnitReportReporter -->
<testsuite hostname="DESKTOP-L12O5CF" failures="0" tests="2" name="XCarTest.loginAndLogOut" time="13.131" errors="0" timestamp="2023-08-18T01:21:14 CEST" skipped="0">
  <testcase classname="XCarTest.loginAndLogOut" name="loging" time="5.634"/>
  <testcase classname="XCarTest.loginAndLogOut" name="logOut" time="7.497"/>
</testsuite> <!-- XCarTest.loginAndLogOut -->
