<?xml version="1.0" encoding="UTF-8"?>
<!-- Generated by org.testng.reporters.JUnitReportReporter -->
<testsuite hostname="DESKTOP-L12O5CF" failures="0" tests="1" name="XCarTest.howitWorks" time="15.157" errors="0" timestamp="2024-04-18T20:51:11 CEST" skipped="0">
  <testcase classname="XCarTest.howitWorks" name="howitworks" time="15.157"/>
</testsuite> <!-- XCarTest.howitWorks -->
