<?xml version="1.0" encoding="UTF-8"?>
<!-- Generated by org.testng.reporters.JUnitReportReporter -->
<testsuite hostname="DESKTOP-L12O5CF" failures="0" tests="1" name="XCarTest.chatListSelection" time="21.171" errors="0" timestamp="2023-08-29T12:19:54 CEST" skipped="0">
  <testcase classname="XCarTest.chatListSelection" name="chatList" time="21.171"/>
</testsuite> <!-- XCarTest.chatListSelection -->
