<?xml version="1.0" encoding="UTF-8"?>
<!-- Generated by org.testng.reporters.JUnitReportReporter -->
<testsuite hostname="DESKTOP-L12O5CF" failures="0" tests="1" name="XCarTest.chatSectionSearch" time="24.375" errors="0" timestamp="2023-10-15T23:10:42 CEST" skipped="0">
  <testcase classname="XCarTest.chatSectionSearch" name="searchChat" time="24.375"/>
</testsuite> <!-- XCarTest.chatSectionSearch -->
