<?xml version="1.0" encoding="UTF-8"?>
<!-- Generated by org.testng.reporters.JUnitReportReporter -->
<testsuite hostname="DESKTOP-L12O5CF" failures="0" tests="1" name="XCarTest.sendNotifications" time="18.204" errors="0" timestamp="2023-08-29T15:56:26 CEST" skipped="0">
  <testcase classname="XCarTest.sendNotifications" name="sendNotification" time="18.204"/>
</testsuite> <!-- XCarTest.sendNotifications -->
