<?xml version="1.0" encoding="UTF-8"?>
<!-- Generated by org.testng.reporters.JUnitReportReporter -->
<testsuite hostname="DESKTOP-L12O5CF" failures="0" tests="1" name="XCarTest.howitWorks" time="17.538" errors="0" timestamp="2024-04-17T16:17:19 CEST" skipped="0">
  <testcase classname="XCarTest.howitWorks" name="howitworks" time="17.538"/>
</testsuite> <!-- XCarTest.howitWorks -->
