<?xml version="1.0" encoding="UTF-8"?>
<!-- Generated by org.testng.reporters.JUnitReportReporter -->
<testsuite hostname="DESKTOP-L12O5CF" failures="0" tests="2" name="XCarTest.loginAndLogOut" time="11.555" errors="0" timestamp="2023-08-20T13:46:43 CEST" skipped="0">
  <testcase classname="XCarTest.loginAndLogOut" name="logOut" time="7.203"/>
  <testcase classname="XCarTest.loginAndLogOut" name="loging" time="4.352"/>
</testsuite> <!-- XCarTest.loginAndLogOut -->
