<?xml version="1.0" encoding="UTF-8"?>
<!-- Generated by org.testng.reporters.JUnitReportReporter -->
<testsuite hostname="DESKTOP-L12O5CF" failures="0" tests="1" name="XCarTest.loginMain" time="4.385" errors="0" timestamp="2023-08-18T01:20:29 CEST" skipped="0">
  <testcase classname="XCarTest.loginMain" name="loging" time="4.385"/>
</testsuite> <!-- XCarTest.loginMain -->
