<?xml version="1.0" encoding="UTF-8"?>
<!-- Generated by org.testng.reporters.JUnitReportReporter -->
<testsuite hostname="DESKTOP-L12O5CF" failures="0" tests="1" name="XCarTest.loginMain" time="4.637" errors="0" timestamp="2024-04-18T18:03:09 CEST" skipped="0">
  <testcase classname="XCarTest.loginMain" name="loging" time="4.637"/>
</testsuite> <!-- XCarTest.loginMain -->
