<?xml version="1.0" encoding="UTF-8"?>
<!-- Generated by org.testng.reporters.JUnitReportReporter -->
<testsuite hostname="DESKTOP-L12O5CF" failures="0" tests="1" name="XCarTest.searchPlateNotifications" time="22.246" errors="0" timestamp="2024-01-18T12:11:12 CET" skipped="0">
  <testcase classname="XCarTest.searchPlateNotifications" name="searchPlate" time="22.246"/>
</testsuite> <!-- XCarTest.searchPlateNotifications -->
