<?xml version="1.0" encoding="UTF-8"?>
<!-- Generated by org.testng.reporters.JUnitReportReporter -->
<testsuite hostname="DESKTOP-L12O5CF" failures="0" tests="1" name="XCarTest.receivedNotificationsDelete" time="14.821" errors="0" timestamp="2023-08-29T15:09:09 CEST" skipped="0">
  <testcase classname="XCarTest.receivedNotificationsDelete" name="notiDelete" time="14.821"/>
</testsuite> <!-- XCarTest.receivedNotificationsDelete -->
