<?xml version="1.0" encoding="UTF-8"?>
<!-- Generated by org.testng.reporters.JUnitReportReporter -->
<testsuite hostname="DESKTOP-L12O5CF" failures="0" tests="1" name="XCarTest.searchPlateNotifications" time="12.007" errors="0" timestamp="2024-04-16T08:57:18 CEST" skipped="0">
  <testcase classname="XCarTest.searchPlateNotifications" name="searchPlate" time="12.007"/>
</testsuite> <!-- XCarTest.searchPlateNotifications -->
