<?xml version="1.0" encoding="UTF-8"?>
<!-- Generated by org.testng.reporters.JUnitReportReporter -->
<testsuite hostname="DESKTOP-L12O5CF" failures="0" tests="1" name="XCarTest.loginMain" time="3.865" errors="0" timestamp="2023-08-16T12:48:19 CEST" skipped="0">
  <testcase classname="XCarTest.loginMain" name="loging" time="3.865"/>
</testsuite> <!-- XCarTest.loginMain -->
